///////////////////////////////////////////////////////////////
     mp     = -1
     mm     = -1
     b      = 5
  P_plusx   = -0.000845415
  P_plusy   = 0.0953015
  P_plusz   = 0
  P_minusx  = 0.000845415
  P_minusy  = -0.0953015
  P_minusz  = 0
  S_plusx   = 0
  S_plusy   = -0
  S_plusz   = 0.0950911
  S_minusx  = 0
  S_minusy  = -0
  S_minusz  = -0.0915645
     Mp     = 0.553846
     Mm     = 0.446154
   admtol   = 1e-08
 Newtontol  = 5e-12
    nA      = 50
    nB      = 50
   nphi     = 26
Newtonmaxit = 50
///////////////////////////////////////////////////////////////
Attempting to find bare masses.
Target ADM masses: M_p=0.553846 and M_m=0.446154
ADM mass tolerance: 1e-08
Bare masses: mp=-1, mm=-1
Newton: it=0 	 |F|=8.116007e-02
bare mass: mp=0.553846 	 mm=0.446154
bicgstab:  itmax 100, tol 8.116007e-05
bicgstab:     0   1.366e+00
bicgstab:     1   4.256e+00   1.069e+00   0.000e+00   5.233e-01
bicgstab:     2   6.633e+00   3.158e+00   4.084e-02   6.106e-01
bicgstab:     3   3.581e+00   8.311e-01   3.694e-01   6.584e-01
bicgstab:     4   1.274e+00   9.982e-01   2.470e-01   5.270e-01
bicgstab:     5   1.339e+00   3.287e+00   2.260e-01   4.272e-01
bicgstab:     6   1.312e-01   2.004e-01  -3.652e+00   2.448e+00
bicgstab:     7   9.817e-03   1.243e+00  -9.975e-02   4.477e-01
bicgstab:     8   1.698e-03   1.272e+00   1.953e-01   9.239e-01
bicgstab:     9   7.728e-04   1.087e+00   4.785e-01   1.048e+00
bicgstab:    10   4.820e-04   1.101e+00   3.316e-01   8.663e-01
bicgstab:    11   2.111e-04   1.009e+00   3.637e-01   1.070e+00
bicgstab:    12   6.988e-05   1.333e+00   3.293e-01   4.434e-01
Newton: it=1 	 |F|=1.149742e-03 
ADM mass error: M_p_err=1.54193, M_m_err=1.46829
Bare masses: mp=0.52329, mm=0.406224
Newton: it=0 	 |F|=3.875643e-02
bare mass: mp=0.52329 	 mm=0.406224
bicgstab:  itmax 100, tol 3.875643e-05
bicgstab:     0   5.945e-01
bicgstab:     1   1.665e+00   1.056e+00   0.000e+00   5.479e-01
bicgstab:     2   2.381e+00   3.082e+00   3.689e-02   5.523e-01
bicgstab:     3   1.199e+00   8.967e-01   2.866e-01   6.091e-01
bicgstab:     4   2.743e+00  -3.782e+00   1.151e-01   4.187e-01
bicgstab:     5   3.316e-02  -1.187e-01  -4.740e+01   2.090e+00
bicgstab:     6   2.495e-02   2.193e+00  -7.808e-03   1.579e+00
bicgstab:     7   9.583e-03   8.010e-01   5.470e-01   9.374e-01
bicgstab:     8   3.277e-03   1.104e+00   1.358e-01   5.262e-01
bicgstab:     9   4.372e-04   1.227e+00   5.417e-01   5.506e-01
bicgstab:    10   2.465e-04   1.056e+00   3.276e-01   2.239e+00
bicgstab:    11   4.380e-05   1.127e+00   4.671e-01   4.438e-01
bicgstab:    12   2.680e-05   9.705e-01   2.322e-01   4.438e-01
Newton: it=1 	 |F|=1.824401e-04 
ADM mass error: M_p_err=0.00465719, M_m_err=0.0113011
Bare masses: mp=0.519168, mm=0.396261
Newton: it=0 	 |F|=1.258694e-02
bare mass: mp=0.519168 	 mm=0.396261
bicgstab:  itmax 100, tol 1.258694e-05
bicgstab:     0   1.849e-01
bicgstab:     1   5.065e-01   1.054e+00   0.000e+00   5.547e-01
bicgstab:     2   7.039e-01   3.032e+00   3.651e-02   5.426e-01
bicgstab:     3   3.561e-01   7.788e-01   3.136e-01   7.672e-01
bicgstab:     4   1.091e-01   1.113e+00   1.694e-01   4.465e-01
bicgstab:     5   8.703e-02  -2.726e-01   8.994e-02   9.502e-01
bicgstab:     6   3.147e-02  -3.174e+00  -2.006e+00   1.340e+00
bicgstab:     7   1.208e-02   8.920e-01  -6.591e-01   1.550e+00
bicgstab:     8   3.508e-03   1.069e+00   1.180e-01   4.626e-01
bicgstab:     9   5.706e-04   1.360e+00   5.533e-01   6.261e-01
bicgstab:    10   4.245e-04   1.015e+00   3.497e-01   1.970e+00
bicgstab:    11   1.068e-04   1.191e+00   4.740e-01   4.247e-01
bicgstab:    12   1.864e-05   7.743e-01   1.840e-01   2.152e+00
bicgstab:    13   5.051e-06   1.829e+00   3.480e-01   4.089e-01
Newton: it=1 	 |F|=1.741310e-05 
ADM mass error: M_p_err=0.000750389, M_m_err=0.00338687
Bare masses: mp=0.518538, mm=0.393286
Newton: it=0 	 |F|=4.045363e-03
bare mass: mp=0.518538 	 mm=0.393286
bicgstab:  itmax 100, tol 4.045363e-06
bicgstab:     0   5.824e-02
bicgstab:     1   1.585e-01   1.053e+00   0.000e+00   5.568e-01
bicgstab:     2   2.169e-01   2.959e+00   3.591e-02   5.432e-01
bicgstab:     3   1.098e-01   7.436e-01   3.340e-01   8.466e-01
bicgstab:     4   3.622e-02   1.031e+00   1.846e-01   4.676e-01
bicgstab:     5   2.254e-02   2.429e+00   2.309e-01   4.200e-01
bicgstab:     6   2.231e-03   1.933e-01  -1.588e+00   2.398e+00
bicgstab:     7   3.881e-04   1.650e+00  -1.984e-01   4.992e-01
bicgstab:     8   1.944e-04   1.367e+00   2.160e-01   1.710e+00
bicgstab:     9   6.187e-05   1.134e+00   7.193e-01   6.893e-01
bicgstab:    10   3.108e-05   9.294e-01   1.739e-01   1.124e+00
bicgstab:    11   4.901e-06   1.503e+00   4.809e-01   4.850e-01
bicgstab:    12   7.280e-07   8.138e-01   2.940e-01   4.850e-01
Newton: it=1 	 |F|=1.719848e-06 
ADM mass error: M_p_err=0.000129657, M_m_err=0.00105376
Bare masses: mp=0.518439, mm=0.392361
Newton: it=0 	 |F|=1.285940e-03
bare mass: mp=0.518439 	 mm=0.392361
bicgstab:  itmax 100, tol 1.285940e-06
bicgstab:     0   1.841e-02
bicgstab:     1   5.001e-02   1.053e+00   0.000e+00   5.574e-01
bicgstab:     2   6.823e-02   2.955e+00   3.596e-02   5.422e-01
bicgstab:     3   3.408e-02   7.181e-01   3.474e-01   9.137e-01
bicgstab:     4   1.170e-02   9.678e-01   1.850e-01   4.893e-01
bicgstab:     5   5.763e-04   1.299e+00   2.633e-01   4.016e-01
bicgstab:     6   2.683e-04   1.413e+00   6.493e-01   2.358e+00
bicgstab:     7   1.511e-04  -3.117e-01   6.055e-02   4.027e-01
bicgstab:     8   3.004e-05  -1.439e+00  -2.394e+00   4.669e+00
bicgstab:     9   1.161e-05   1.547e+00  -3.534e-01   2.086e+00
bicgstab:    10   3.031e-06   9.270e-01   2.185e-01   8.174e-01
bicgstab:    11   1.018e-06   1.571e+00   4.583e-01   8.213e-01
Newton: it=1 	 |F|=1.770212e-07 
ADM mass error: M_p_err=2.45898e-05, M_m_err=0.000331604
Bare masses: mp=0.518423, mm=0.39207
Newton: it=0 	 |F|=4.074719e-04
bare mass: mp=0.518423 	 mm=0.39207
bicgstab:  itmax 100, tol 4.074719e-07
bicgstab:     0   5.823e-03
bicgstab:     1   1.581e-02   1.053e+00   0.000e+00   5.576e-01
bicgstab:     2   2.174e-02   3.039e+00   3.538e-02   5.369e-01
bicgstab:     3   2.479e-02  -9.838e-01   1.039e-01   4.399e-01
bicgstab:     4   6.282e-04  -4.131e-01  -7.032e+00   2.314e+00
bicgstab:     5   2.148e-04   1.244e+00  -3.336e-02   4.886e-01
bicgstab:     6   7.897e-05   1.484e+00   4.860e-01   1.651e+00
bicgstab:     7   4.065e-05   8.206e-01   4.153e-01   7.687e-01
bicgstab:     8   1.894e-05   1.445e+00   2.053e-01   5.963e-01
bicgstab:     9   5.875e-06   9.958e-01   7.959e-01   2.009e+00
bicgstab:    10   2.808e-06   9.088e-01   1.307e-01   4.867e-01
bicgstab:    11   4.223e-07   1.674e+00   5.165e-01   4.906e-01
bicgstab:    12   1.599e-07   6.955e-01   2.767e-01   4.906e-01
Newton: it=1 	 |F|=3.504790e-08 
ADM mass error: M_p_err=5.26251e-06, M_m_err=0.000104717
Bare masses: mp=0.518421, mm=0.391978
Newton: it=0 	 |F|=1.289665e-04
bare mass: mp=0.518421 	 mm=0.391978
bicgstab:  itmax 100, tol 1.289665e-07
bicgstab:     0   1.842e-03
bicgstab:     1   5.000e-03   1.053e+00   0.000e+00   5.577e-01
bicgstab:     2   6.842e-03   2.993e+00   3.609e-02   5.395e-01
bicgstab:     3   3.454e-03   7.755e-01   3.077e-01   7.747e-01
bicgstab:     4   9.849e-04   1.179e+00   1.607e-01   4.358e-01
bicgstab:     5   5.338e-04   3.425e-02  -2.311e-02   1.422e+00
bicgstab:     6   2.134e-04   2.261e+01  -8.815e-01   8.254e-01
bicgstab:     7   7.568e-05   8.931e-01   5.411e+00   1.905e+00
bicgstab:     8   1.663e-05   1.194e+00   1.426e-01   4.280e-01
bicgstab:     9   3.227e-06   1.235e+00   6.669e-01   1.488e+00
bicgstab:    10   1.956e-06   9.331e-01   2.318e-01   6.081e-01
bicgstab:    11   6.816e-07   1.455e+00   4.809e-01   1.037e+00
bicgstab:    12   2.650e-07   7.273e-01   2.436e-01   6.397e-01
bicgstab:    13   1.798e-07   2.495e+00   3.542e-01   6.556e-01
bicgstab:    14   4.636e-08   9.408e-01  -1.023e+00   4.166e-01
Newton: it=1 	 |F|=8.433671e-09 
ADM mass error: M_p_err=1.27996e-06, M_m_err=3.31055e-05
Bare masses: mp=0.51842, mm=0.391949
Newton: it=0 	 |F|=4.080309e-05
bare mass: mp=0.51842 	 mm=0.391949
bicgstab:  itmax 100, tol 4.080309e-08
bicgstab:     0   5.827e-04
bicgstab:     1   1.582e-03   1.053e+00   0.000e+00   5.577e-01
bicgstab:     2   2.162e-03   2.985e+00   3.602e-02   5.399e-01
bicgstab:     3   1.093e-03   7.741e-01   3.089e-01   7.779e-01
bicgstab:     4   3.149e-04   1.172e+00   1.627e-01   4.371e-01
bicgstab:     5   1.823e-04   1.328e-03  -7.952e-04   1.338e+00
bicgstab:     6   6.954e-05   5.782e+02  -9.954e-01   8.659e-01
bicgstab:     7   2.539e-05   9.008e-01   1.342e+02   1.885e+00
bicgstab:     8   5.551e-06   1.236e+00   1.499e-01   4.287e-01
bicgstab:     9   1.014e-06   1.199e+00   6.902e-01   1.675e+00
bicgstab:    10   5.508e-07   9.327e-01   2.105e-01   5.611e-01
bicgstab:    11   1.481e-07   1.488e+00   4.889e-01   1.457e+00
bicgstab:    12   4.751e-08   7.352e-01   2.494e-01   5.482e-01
bicgstab:    13   4.236e-08   2.465e+00   3.736e-01   5.547e-01
bicgstab:    14   1.770e-08   8.024e-01  -1.144e+00   5.547e-01
Newton: it=1 	 |F|=2.827352e-09 
ADM mass error: M_p_err=3.45657e-07, M_m_err=1.04695e-05
Bare masses: mp=0.51842, mm=0.39194
Newton: it=0 	 |F|=1.290727e-05
bare mass: mp=0.51842 	 mm=0.39194
bicgstab:  itmax 100, tol 1.290727e-08
bicgstab:     0   1.843e-04
bicgstab:     1   5.002e-04   1.053e+00   0.000e+00   5.577e-01
bicgstab:     2   6.843e-04   2.993e+00   3.595e-02   5.394e-01
bicgstab:     3   3.449e-04   8.409e-01   2.823e-01   6.732e-01
bicgstab:     4   7.200e-04   7.292e+00   1.206e-01   4.004e-01
bicgstab:     5   4.679e-06   5.847e-02  -9.712e+01   2.119e+00
bicgstab:     6   5.067e-06   2.100e+00  -2.687e-03   1.780e+00
bicgstab:     7   1.907e-06   8.415e-01   5.844e-01   5.119e-01
bicgstab:     8   7.494e-07   1.263e+00   1.588e-01   1.350e+00
bicgstab:     9   2.130e-07   1.152e+00   7.146e-01   5.833e-01
bicgstab:    10   1.131e-07   9.235e-01   1.945e-01   1.175e+00
bicgstab:    11   2.521e-08   1.519e+00   4.917e-01   5.050e-01
bicgstab:    12   8.482e-09   7.247e-01   2.623e-01   1.111e+00
Newton: it=1 	 |F|=1.695300e-09 
ADM mass error: M_p_err=1.00232e-07, M_m_err=3.31128e-06
Bare masses: mp=0.51842, mm=0.391937
Newton: it=0 	 |F|=4.082672e-06
bare mass: mp=0.51842 	 mm=0.391937
bicgstab:  itmax 100, tol 4.082672e-09
bicgstab:     0   5.830e-05
bicgstab:     1   1.582e-04   1.053e+00   0.000e+00   5.578e-01
bicgstab:     2   2.143e-04   2.901e+00   3.632e-02   5.451e-01
bicgstab:     3   8.852e-05   6.049e-01   4.917e-01   1.449e+00
bicgstab:     4   2.591e-05   9.073e-01   1.544e-01   5.229e-01
bicgstab:     5   4.751e-06   1.063e+00   2.497e-01   5.360e-01
bicgstab:     6   3.460e-06   1.529e+00   5.644e-01   2.097e+00
bicgstab:     7   9.200e-07   7.745e-01   4.756e-01   5.206e-01
bicgstab:     8   3.663e-07   1.115e+00   1.378e-01   8.358e-01
bicgstab:     9   9.994e-08   1.276e+00   6.446e-01   5.820e-01
bicgstab:    10   5.856e-08   9.374e-01   2.723e-01   1.415e+00
bicgstab:    11   1.778e-08   1.396e+00   4.731e-01   4.716e-01
bicgstab:    12   5.942e-09   6.997e-01   2.206e-01   1.476e+00
bicgstab:    13   4.112e-09   2.870e+00   3.075e-01   3.973e-01
bicgstab:    14   1.480e-09   9.126e-01  -1.349e+00   3.973e-01
Newton: it=1 	 |F|=2.682666e-10 
ADM mass error: M_p_err=3.03506e-08, M_m_err=1.04733e-06
Bare masses: mp=0.51842, mm=0.391936
Newton: it=0 	 |F|=1.291369e-06
bare mass: mp=0.51842 	 mm=0.391936
bicgstab:  itmax 100, tol 1.291369e-09
bicgstab:     0   1.844e-05
bicgstab:     1   5.004e-05   1.053e+00   0.000e+00   5.578e-01
bicgstab:     2   6.824e-05   2.962e+00   3.602e-02   5.412e-01
bicgstab:     3   3.386e-05   7.112e-01   3.478e-01   9.327e-01
bicgstab:     4   1.181e-05   9.423e-01   1.813e-01   4.991e-01
bicgstab:     5   1.086e-06   1.218e+00   2.588e-01   4.148e-01
bicgstab:     6   4.406e-07   1.328e+00   6.725e-01   2.371e+00
bicgstab:     7   1.245e-07   7.985e-01   2.901e-01   4.202e-01
bicgstab:     8   5.938e-08   1.736e+00   1.991e-01   8.135e-01
bicgstab:     9   2.132e-08   1.145e+00   5.722e-01   4.364e-01
bicgstab:    10   9.234e-09   2.041e-01  -2.551e-01   3.572e+00
bicgstab:    11   2.234e-09   3.599e+00  -3.127e-01   1.413e+00
bicgstab:    12   9.842e-10   7.613e-01   4.900e-01   1.413e+00
Newton: it=1 	 |F|=2.423917e-10 
ADM mass error: M_p_err=9.38152e-09, M_m_err=3.31263e-07
Bare masses: mp=0.51842, mm=0.391936
Newton: it=0 	 |F|=4.084543e-07
bare mass: mp=0.51842 	 mm=0.391936
bicgstab:  itmax 100, tol 4.084543e-10
bicgstab:     0   5.832e-06
bicgstab:     1   1.583e-05   1.053e+00   0.000e+00   5.578e-01
bicgstab:     2   2.185e-05   3.071e+00   3.629e-02   5.350e-01
bicgstab:     3   8.545e-06   1.282e+00   2.060e-01   4.559e-01
bicgstab:     4   1.724e-06   2.321e-01  -8.123e-01   2.203e+00
bicgstab:     5   1.552e-07   1.515e+00  -9.923e-02   4.159e-01
bicgstab:     6   5.427e-08   1.850e+00   5.677e-01   1.918e+00
bicgstab:     7   2.957e-08   7.906e-01   5.629e-01   1.206e+00
bicgstab:     8   1.609e-08   9.997e-01   1.054e-01   7.990e-01
bicgstab:     9   5.475e-09   1.514e+00   5.552e-01   7.403e-01
bicgstab:    10   2.106e-09   9.827e-01   4.235e-01   7.373e-01
bicgstab:    11   6.039e-10   1.200e+00   4.611e-01   7.198e-01
bicgstab:    12   2.484e-10   5.246e-01   1.125e-01   1.976e+00
Newton: it=1 	 |F|=4.404897e-11 
ADM mass error: M_p_err=2.93698e-09, M_m_err=1.04777e-07
Bare masses: mp=0.51842, mm=0.391936
Newton: it=0 	 |F|=1.291939e-07
bare mass: mp=0.51842 	 mm=0.391936
bicgstab:  itmax 100, tol 1.291939e-10
bicgstab:     0   1.845e-06
bicgstab:     1   5.006e-06   1.053e+00   0.000e+00   5.578e-01
bicgstab:     2   6.852e-06   2.998e+00   3.587e-02   5.391e-01
bicgstab:     3   3.407e-06   8.952e-01   2.663e-01   6.150e-01
bicgstab:     4   3.309e-06  -5.044e-01   6.934e-02   4.802e-01
bicgstab:     5   2.223e-07  -9.019e-01  -3.456e+00   1.845e+00
bicgstab:     6   1.325e-07   1.869e+00  -1.511e-01   7.314e-01
bicgstab:     7   4.888e-08   8.329e-01   5.288e-01   1.826e+00
bicgstab:     8   1.192e-08   1.277e+00   1.642e-01   4.395e-01
bicgstab:     9   2.221e-09   1.136e+00   7.223e-01   2.220e+00
bicgstab:    10   8.990e-10   9.270e-01   1.866e-01   5.474e-01
bicgstab:    11   1.602e-10   1.527e+00   4.972e-01   4.272e-01
bicgstab:    12   7.033e-11   7.342e-01   2.626e-01   4.272e-01
Newton: it=1 	 |F|=1.747137e-11 
ADM mass error: M_p_err=9.22855e-10, M_m_err=3.31402e-08
Bare masses: mp=0.51842, mm=0.391936
Newton: it=0 	 |F|=4.086278e-08
bare mass: mp=0.51842 	 mm=0.391936
bicgstab:  itmax 100, tol 4.086278e-11
bicgstab:     0   5.835e-07
bicgstab:     1   1.584e-06   1.053e+00   0.000e+00   5.578e-01
bicgstab:     2   2.177e-06   3.035e+00   3.616e-02   5.370e-01
bicgstab:     3   1.046e-06   9.621e-01   2.474e-01   5.627e-01
bicgstab:     4   7.197e-07   7.402e-02  -3.209e-02   8.782e-01
bicgstab:     5   1.148e-07   5.979e+00  -7.299e-01   6.723e-01
bicgstab:     6   6.850e-08   1.886e+00   1.630e+00   1.740e+00
bicgstab:     7   2.761e-08   8.105e-01   5.572e-01   1.004e+00
bicgstab:     8   9.859e-09   1.123e+00   1.303e-01   5.183e-01
bicgstab:     9   2.179e-09   1.299e+00   6.391e-01   6.353e-01
bicgstab:    10   1.420e-09   9.485e-01   2.784e-01   1.779e+00
bicgstab:    11   3.642e-10   1.373e+00   4.814e-01   4.271e-01
bicgstab:    12   5.323e-11   6.928e-01   2.042e-01   2.187e+00
bicgstab:    13   2.670e-11   3.108e+00   3.125e-01   4.030e-01
Newton: it=1 	 |F|=6.027410e-12 
ADM mass error: M_p_err=2.91564e-10, M_m_err=1.04822e-08
Bare masses: mp=0.51842, mm=0.391936
Newton: it=0 	 |F|=1.292484e-08
bare mass: mp=0.51842 	 mm=0.391936
bicgstab:  itmax 100, tol 1.292484e-11
bicgstab:     0   1.846e-07
bicgstab:     1   5.008e-07   1.052e+00   0.000e+00   5.577e-01
bicgstab:     2   6.797e-07   2.921e+00   3.565e-02   5.437e-01
bicgstab:     3   3.399e-07   7.103e-01   3.551e-01   9.395e-01
bicgstab:     4   1.159e-07   9.762e-01   1.876e-01   4.883e-01
bicgstab:     5   8.937e-09   1.217e+00   2.736e-01   4.112e-01
bicgstab:     6   3.188e-09   1.303e+00   6.060e-01   2.409e+00
bicgstab:     7   1.213e-09   1.113e+00   2.111e-01   4.110e-01
bicgstab:     8   6.771e-10  -3.400e-02   2.549e-02   2.986e+00
bicgstab:     9   1.527e-10  -2.012e+01  -1.124e+00   8.921e-01
bicgstab:    10   6.709e-11   9.247e-01  -1.722e+00   9.976e-01
bicgstab:    11   1.486e-11   1.763e+00   4.478e-01   8.491e-01
bicgstab:    12   8.568e-12   7.034e-01   3.008e-01   8.491e-01
Newton: it=1 	 |F|=2.938833e-12 
ADM mass error: M_p_err=9.19503e-11, M_m_err=3.31537e-09
Found bare masses resulted Mp = 0.553846 and Mm = 0.446154
Newton: it=0 	 |F|=4.087958e-09
bare mass: mp=0.51842 	 mm=0.391936
bicgstab:  itmax 100, tol 4.087958e-12
bicgstab:     0   5.837e-08
bicgstab:     1   1.584e-07   1.053e+00   0.000e+00   5.578e-01
bicgstab:     2   2.165e-07   2.982e+00   3.627e-02   5.401e-01
bicgstab:     3   1.055e-07   6.927e-01   3.585e-01   9.906e-01
bicgstab:     4   3.721e-08   8.989e-01   1.775e-01   5.212e-01
bicgstab:     5   5.625e-09   1.127e+00   2.531e-01   4.436e-01
bicgstab:     6   3.332e-09   1.399e+00   6.816e-01   2.294e+00
bicgstab:     7   3.862e-10   7.309e-01   4.139e-01   4.092e-01
bicgstab:     8   9.665e-11   1.086e+00   1.355e-01   4.333e+00
bicgstab:     9   7.320e-11   1.280e+00   6.554e-01   8.977e-01
bicgstab:    10   3.164e-11   9.528e-01   3.062e-01   7.111e-01
bicgstab:    11   2.951e-12   1.308e+00   4.829e-01   3.824e-01
Newton: it=1 	 |F|=1.654631e-12 
The two puncture masses are mp = 0.51842 and mm = 0.391936
                   resulted Mp = 0.553846 and Mm = 0.446154
The total ADM mass is 0.989946
===============================================================
Initial data is successfully producede!!
